<?xml version="1.0" encoding="UTF-8"?>
<testng-results skipped="0" failed="0" total="1" passed="1">
  <reporter-output>
  </reporter-output>
  <suite name="Default suite" duration-ms="173682" started-at="2017-09-13T05:42:17Z" finished-at="2017-09-13T05:45:11Z">
    <groups>
    </groups>
    <test name="Default test" duration-ms="173682" started-at="2017-09-13T05:42:17Z" finished-at="2017-09-13T05:45:11Z">
      <class name="tcRepo.FirstTest">
        <test-method status="PASS" signature="before()[pri:0, instance:tcRepo.FirstTest@b97c004]" name="before" is-config="true" duration-ms="65843" started-at="2017-09-13T11:12:17Z" finished-at="2017-09-13T11:13:23Z">
          <reporter-output>
          </reporter-output>
        </test-method> <!-- before -->
        <test-method status="PASS" signature="scenario()[pri:0, instance:tcRepo.FirstTest@b97c004]" name="scenario" duration-ms="107153" started-at="2017-09-13T11:13:23Z" finished-at="2017-09-13T11:15:10Z">
          <reporter-output>
          </reporter-output>
        </test-method> <!-- scenario -->
        <test-method status="PASS" signature="after()[pri:0, instance:tcRepo.FirstTest@b97c004]" name="after" is-config="true" duration-ms="666" started-at="2017-09-13T11:15:10Z" finished-at="2017-09-13T11:15:11Z">
          <reporter-output>
          </reporter-output>
        </test-method> <!-- after -->
      </class> <!-- tcRepo.FirstTest -->
    </test> <!-- Default test -->
  </suite> <!-- Default suite -->
</testng-results>
